<?xml version="1.0" encoding="UTF-8"?>
<robot generator="Robot 4.0.1 (Python 3.9.4 on win32)" generated="20210519 17:09:54.396" rpa="false" schemaversion="2">
<suite id="s1" name="Tests" source="c:\Des\Onboarding\tests">
<suite id="s1-s1" name="Acesso" source="c:\Des\Onboarding\tests\acesso.robot">
<test id="s1-s1-t1" name="Cenário 02: Acessando a tela principal, com usuário já cadastrado">
<kw name="Dado que abro o aplicativo" library="helpers" type="SETUP">
<kw name="Open session" library="helpers">
<kw name="Set Appium Timeout" library="AppiumLibrary">
<arg>20</arg>
<doc>Sets the timeout in seconds used by various keywords.</doc>
<status status="PASS" starttime="20210519 17:09:54.776" endtime="20210519 17:09:54.777"/>
</kw>
<kw name="Open Application" library="AppiumLibrary">
<arg>http://localhost:4723/wd/hub</arg>
<arg>automationName=UIAutomator2</arg>
<arg>platformName=Android</arg>
<arg>deviceName=Emulator</arg>
<arg>app=${EXECDIR}/app/app-release.apk</arg>
<arg>udid=emulator-5554</arg>
<arg>autoGrantPermissions=true</arg>
<arg>autoAcceptAlerts=true</arg>
<doc>Opens a new application to given Appium server.
Capabilities of appium server, Android and iOS,
Please check https://github.com/appium/appium/blob/master/docs/en/writing-running-appium/server-args.md
| *Option*            | *Man.* | *Description*     |
| remote_url          | Yes    | Appium server url |
| alias               | no     | alias             |</doc>
<status status="PASS" starttime="20210519 17:09:54.777" endtime="20210519 17:10:15.097"/>
</kw>
<kw name="Start Screen Recording" library="AppiumLibrary">
<doc>Starts an asynchronous Screen Recording for the current open application.</doc>
<status status="PASS" starttime="20210519 17:10:15.097" endtime="20210519 17:10:17.061"/>
</kw>
<status status="PASS" starttime="20210519 17:09:54.776" endtime="20210519 17:10:17.061"/>
</kw>
<status status="PASS" starttime="20210519 17:09:54.776" endtime="20210519 17:10:17.061"/>
</kw>
<kw name="E clico no botão entrar" library="acesso.page">
<kw name="Clicar no botão" library="helpers">
<arg>${BTN_ENTRAR}</arg>
<kw name="Wait Until Element Is Visible" library="AppiumLibrary">
<arg>${seletor}</arg>
<arg>60</arg>
<doc>Waits until element specified with `locator` is visible.</doc>
<status status="PASS" starttime="20210519 17:10:17.063" endtime="20210519 17:10:18.370"/>
</kw>
<kw name="Click Element" library="AppiumLibrary">
<arg>${seletor}</arg>
<doc>Click element identified by `locator`.</doc>
<msg timestamp="20210519 17:10:18.374" level="INFO">Clicking element 'accessibility_id=Entrar'.</msg>
<status status="PASS" starttime="20210519 17:10:18.371" endtime="20210519 17:10:19.218"/>
</kw>
<status status="PASS" starttime="20210519 17:10:17.062" endtime="20210519 17:10:19.218"/>
</kw>
<status status="PASS" starttime="20210519 17:10:17.062" endtime="20210519 17:10:19.219"/>
</kw>
<kw name="Então devo ver a tela de inserção de CPF" library="acesso.page">
<kw name="Is visible" library="helpers">
<arg>${TXT_CPF}</arg>
<kw name="Wait Until Element Is Visible" library="AppiumLibrary">
<arg>${parm_element}</arg>
<arg>60</arg>
<doc>Waits until element specified with `locator` is visible.</doc>
<status status="PASS" starttime="20210519 17:10:19.220" endtime="20210519 17:10:24.663"/>
</kw>
<status status="PASS" starttime="20210519 17:10:19.220" endtime="20210519 17:10:24.664"/>
</kw>
<status status="PASS" starttime="20210519 17:10:19.219" endtime="20210519 17:10:24.664"/>
</kw>
<kw name="E carregar os dados da massa de testes de acesso" library="acesso.page">
<kw name="Carregando arquivo de dados" library="helpers">
<arg>acesso.json</arg>
<kw name="Retorna arquivo em json" library="helpers">
<var>${dados}</var>
<arg>${json_file}</arg>
<kw name="Get File" library="OperatingSystem">
<var>${string_file}</var>
<arg>${EXECDIR}/resources/fixtures/${json_file}</arg>
<doc>Returns the contents of a specified file.</doc>
<msg timestamp="20210519 17:10:24.668" level="INFO" html="true">Getting file '&lt;a href="file://c:\Des\Onboarding\resources\fixtures\acesso.json"&gt;c:\Des\Onboarding\resources\fixtures\acesso.json&lt;/a&gt;'.</msg>
<msg timestamp="20210519 17:10:24.669" level="INFO">${string_file} = {
    "CPF":"02312712121",
    "SENHA":"147258",
    "PIN":"1021",
    "DATA_NASCIMENTO":"27/01/1987",
    "DTA_NASC_ANO":"87"
}</msg>
<status status="PASS" starttime="20210519 17:10:24.667" endtime="20210519 17:10:24.669"/>
</kw>
<kw name="Evaluate" library="BuiltIn">
<var>${object_json}</var>
<arg>json.loads($string_file)</arg>
<arg>json</arg>
<doc>Evaluates the given expression in Python and returns the result.</doc>
<msg timestamp="20210519 17:10:24.676" level="INFO">${object_json} = {'CPF': '02312712121', 'SENHA': '147258', 'PIN': '1021', 'DATA_NASCIMENTO': '27/01/1987', 'DTA_NASC_ANO': '87'}</msg>
<status status="PASS" starttime="20210519 17:10:24.670" endtime="20210519 17:10:24.676"/>
</kw>
<msg timestamp="20210519 17:10:24.676" level="INFO">${dados} = {'CPF': '02312712121', 'SENHA': '147258', 'PIN': '1021', 'DATA_NASCIMENTO': '27/01/1987', 'DTA_NASC_ANO': '87'}</msg>
<status status="PASS" starttime="20210519 17:10:24.667" endtime="20210519 17:10:24.676"/>
</kw>
<kw name="Set Test Variable" library="BuiltIn">
<arg>${dados}</arg>
<doc>Makes a variable available everywhere within the scope of the current test.</doc>
<msg timestamp="20210519 17:10:24.677" level="INFO">${dados} = {'CPF': '02312712121', 'SENHA': '147258', 'PIN': '1021', 'DATA_NASCIMENTO': '27/01/1987', 'DTA_NASC_ANO': '87'}</msg>
<status status="PASS" starttime="20210519 17:10:24.676" endtime="20210519 17:10:24.677"/>
</kw>
<status status="PASS" starttime="20210519 17:10:24.666" endtime="20210519 17:10:24.677"/>
</kw>
<status status="PASS" starttime="20210519 17:10:24.665" endtime="20210519 17:10:24.678"/>
</kw>
<kw name="Quando preencho o campo com um cpf válido" library="acesso.page">
<kw name="Set campo Input" library="helpers">
<arg>${INPUT_CPF}</arg>
<arg>${dados['CPF']}</arg>
<kw name="Is visible" library="helpers">
<arg>${parm_element}</arg>
<kw name="Wait Until Element Is Visible" library="AppiumLibrary">
<arg>${parm_element}</arg>
<arg>60</arg>
<doc>Waits until element specified with `locator` is visible.</doc>
<status status="PASS" starttime="20210519 17:10:24.681" endtime="20210519 17:10:25.373"/>
</kw>
<status status="PASS" starttime="20210519 17:10:24.680" endtime="20210519 17:10:25.373"/>
</kw>
<kw name="Input Text" library="AppiumLibrary">
<arg>${parm_element}</arg>
<arg>${parm_value}</arg>
<doc>Types the given `text` into text field identified by `locator`.</doc>
<msg timestamp="20210519 17:10:25.378" level="INFO">Typing text '02312712121' into text field 'accessibility_id=Inserir valor'</msg>
<status status="PASS" starttime="20210519 17:10:25.374" endtime="20210519 17:10:26.027"/>
</kw>
<status status="PASS" starttime="20210519 17:10:24.678" endtime="20210519 17:10:26.027"/>
</kw>
<kw name="Clicar no botão" library="helpers">
<arg>${BTN_CONTINUAR}</arg>
<kw name="Wait Until Element Is Visible" library="AppiumLibrary">
<arg>${seletor}</arg>
<arg>60</arg>
<doc>Waits until element specified with `locator` is visible.</doc>
<status status="PASS" starttime="20210519 17:10:26.028" endtime="20210519 17:10:28.973"/>
</kw>
<kw name="Click Element" library="AppiumLibrary">
<arg>${seletor}</arg>
<doc>Click element identified by `locator`.</doc>
<msg timestamp="20210519 17:10:28.976" level="INFO">Clicking element 'accessibility_id=Continuar'.</msg>
<status status="PASS" starttime="20210519 17:10:28.974" endtime="20210519 17:10:29.272"/>
</kw>
<status status="PASS" starttime="20210519 17:10:26.028" endtime="20210519 17:10:29.273"/>
</kw>
<status status="PASS" starttime="20210519 17:10:24.678" endtime="20210519 17:10:29.273"/>
</kw>
<kw name="E clico no botão entrar" library="acesso.page">
<kw name="Clicar no botão" library="helpers">
<arg>${BTN_ENTRAR}</arg>
<kw name="Wait Until Element Is Visible" library="AppiumLibrary">
<arg>${seletor}</arg>
<arg>60</arg>
<doc>Waits until element specified with `locator` is visible.</doc>
<msg timestamp="20210519 17:11:29.742" level="INFO">&lt;?xml version='1.0' encoding='UTF-8' standalone='yes' ?&gt;
&lt;hierarchy index="0" class="hierarchy" rotation="0" width="1080" height="1794"&gt;
  &lt;android.widget.FrameLayout index="0" package="br.com.dotz.dotzpay" class="android.widget.FrameLayout" text="" checkable="false" checked="false" clickable="false" enabled="true" focusable="false" focused="false" long-clickable="false" password="false" scrollable="false" selected="false" bounds="[0,0][1080,1794]" displayed="true"&gt;
    &lt;android.widget.LinearLayout index="0" package="br.com.dotz.dotzpay" class="android.widget.LinearLayout" text="" checkable="false" checked="false" clickable="false" enabled="true" focusable="false" focused="false" long-clickable="false" password="false" scrollable="false" selected="false" bounds="[0,0][1080,1794]" displayed="true"&gt;
      &lt;android.widget.FrameLayout index="0" package="br.com.dotz.dotzpay" class="android.widget.FrameLayout" text="" checkable="false" checked="false" clickable="false" enabled="true" focusable="false" focused="false" long-clickable="false" password="false" scrollable="false" selected="false" bounds="[0,0][1080,1794]" displayed="true"&gt;
        &lt;android.widget.LinearLayout index="0" package="br.com.dotz.dotzpay" class="android.widget.LinearLayout" text="" resource-id="br.com.dotz.dotzpay:id/action_bar_root" checkable="false" checked="false" clickable="false" enabled="true" focusable="false" focused="false" long-clickable="false" password="false" scrollable="false" selected="false" bounds="[0,0][1080,1794]" displayed="true"&gt;
          &lt;android.widget.FrameLayout index="0" package="br.com.dotz.dotzpay" class="android.widget.FrameLayout" text="" resource-id="android:id/content" checkable="false" checked="false" clickable="false" enabled="true" focusable="false" focused="false" long-clickable="false" password="false" scrollable="false" selected="false" bounds="[0,0][1080,1794]" displayed="true"&gt;
            &lt;android.view.ViewGroup index="0" package="br.com.dotz.dotzpay" class="android.view.ViewGroup" text="" checkable="false" checked="false" clickable="false" enabled="true" focusable="false" focused="false" long-clickable="false" password="false" scrollable="false" selected="false" bounds="[0,0][1080,1794]" displayed="true" /&gt;
            &lt;android.view.ViewGroup index="1" package="br.com.dotz.dotzpay" class="android.view.ViewGroup" text="" checkable="false" checked="false" clickable="false" enabled="true" focusable="false" focused="false" long-clickable="false" password="false" scrollable="false" selected="false" bounds="[0,0][1080,1794]" displayed="true"&gt;
              &lt;android.view.ViewGroup index="0" package="br.com.dotz.dotzpay" class="android.view.ViewGroup" text="" checkable="false" checked="false" clickable="false" enabled="true" focusable="false" focused="false" long-clickable="false" password="false" scrollable="false" selected="false" bounds="[0,0][1080,1794]" displayed="true"&gt;
                &lt;android.view.ViewGroup index="0" package="br.com.dotz.dotzpay" class="android.view.ViewGroup" text="" checkable="false" checked="false" clickable="false" enabled="true" focusable="false" focused="false" long-clickable="false" password="false" scrollable="false" selected="false" bounds="[0,63][1080,1794]" displayed="true"&gt;
                  &lt;android.widget.FrameLayout index="0" package="br.com.dotz.dotzpay" class="android.widget.FrameLayout" text="" checkable="false" checked="false" clickable="false" enabled="true" focusable="false" focused="false" long-clickable="false" password="false" scrollable="false" selected="false" bounds="[0,63][1080,1794]" displayed="true"&gt;
                    &lt;android.view.ViewGroup index="0" package="br.com.dotz.dotzpay" class="android.view.ViewGroup" text="" checkable="false" checked="false" clickable="false" enabled="true" focusable="false" focused="false" long-clickable="false" password="false" scrollable="false" selected="false" bounds="[0,63][1080,1794]" displayed="true"&gt;
                      &lt;android.view.ViewGroup index="0" package="br.com.dotz.dotzpay" class="android.view.ViewGroup" text="" checkable="false" checked="false" clickable="false" enabled="true" focusable="false" focused="false" long-clickable="false" password="false" scrollable="false" selected="false" bounds="[96,147][996,252]" displayed="true"&gt;
                        &lt;android.widget.Button index="0" package="br.com.dotz.dotzpay" class="android.widget.Button" text="" content-desc="Voltar" checkable="false" checked="false" clickable="true" enabled="true" focusable="true" focused="false" long-clickable="false" password="false" scrollable="false" selected="false" bounds="[96,147][162,252]" displayed="true"&gt;
                          &lt;android.widget.TextView index="0" package="br.com.dotz.dotzpay" class="android.widget.TextView" text="" checkable="false" checked="false" clickable="false" enabled="true" focusable="false" focused="false" long-clickable="false" password="false" scrollable="false" selected="false" bounds="[96,147][162,252]" displayed="true" /&gt;
                        &lt;/android.widget.Button&gt;
                      &lt;/android.view.ViewGroup&gt;
                      &lt;android.view.ViewGroup index="1" package="br.com.dotz.dotzpay" class="android.view.ViewGroup" text="" checkable="false" checked="false" clickable="false" enabled="true" focusable="false" focused="false" long-clickable="false" password="false" scrollable="false" selected="false" bounds="[96,342][984,1794]" displayed="true"&gt;
                        &lt;android.widget.TextView index="1" package="br.com.dotz.dotzpay" class="android.widget.TextView" text="" checkable="false" checked="false" clickable="false" enabled="true" focusable="false" focused="false" long-clickable="false" password="false" scrollable="false" selected="false" bounds="[96,342][984,407]" displayed="true" /&gt;
                        &lt;android.widget.TextView index="2" package="br.com.dotz.dotzpay" class="android.widget.TextView" text="Digite sua senha de acesso" content-desc="Digite sua senha de acesso" checkable="false" checked="false" clickable="false" enabled="true" focusable="false" focused="false" long-clickable="false" password="false" scrollable="false" selected="false" bounds="[96,407][734,474]" displayed="true" /&gt;
                        &lt;android.widget.TextView index="3" package="br.com.dotz.dotzpay" class="android.widget.TextView" text="" checkable="false" checked="false" clickable="false" enabled="true" focusable="false" focused="false" long-clickable="false" password="false" scrollable="false" selected="false" bounds="[96,474][734,525]" displayed="true" /&gt;
                        &lt;android.widget.Button index="4" package="br.com.dotz.dotzpay" class="android.widget.Button" text="" content-desc="Exibir senha" checkable="false" checked="false" clickable="true" enabled="true" focusable="true" focused="false" long-clickable="false" password="false" scrollable="false" selected="false" bounds="[900,407][984,525]" displayed="true"&gt;
                          &lt;android.widget.TextView index="0" package="br.com.dotz.dotzpay" class="android.widget.TextView" text="" checkable="false" checked="false" clickable="false" enabled="true" focusable="false" focused="false" long-clickable="false" password="false" scrollable="false" selected="false" bounds="[900,407][984,494]" displayed="true" /&gt;
                        &lt;/android.widget.Button&gt;
                        &lt;android.inputmethodservice.Keyboard.Key index="5" package="br.com.dotz.dotzpay" class="android.inputmethodservice.Keyboard$Key" text="" content-desc="Inserir digito 1" checkable="false" checked="false" clickable="true" enabled="true" focusable="true" focused="false" long-clickable="false" password="false" scrollable="false" selected="false" bounds="[96,553][214,671]" displayed="true" /&gt;
                        &lt;android.inputmethodservice.Keyboard.Key index="6" package="br.com.dotz.dotzpay" class="android.inputmethodservice.Keyboard$Key" text="" content-desc="Inserir digito 2" checkable="false" checked="false" clickable="true" enabled="true" focusable="true" focused="false" long-clickable="false" password="false" scrollable="false" selected="false" bounds="[250,553][368,671]" displayed="true" /&gt;
                        &lt;android.inputmethodservice.Keyboard.Key index="7" package="br.com.dotz.dotzpay" class="android.inputmethodservice.Keyboard$Key" text="" content-desc="Inserir digito 3" checkable="false" checked="false" clickable="true" enabled="true" focusable="true" focused="false" long-clickable="false" password="false" scrollable="false" selected="false" bounds="[404,553][522,671]" displayed="true" /&gt;
                        &lt;android.inputmethodservice.Keyboard.Key index="8" package="br.com.dotz.dotzpay" class="android.inputmethodservice.Keyboard$Key" text="" content-desc="Inserir digito 4" checkable="false" checked="false" clickable="true" enabled="true" focusable="true" focused="false" long-clickable="false" password="false" scrollable="false" selected="false" bounds="[558,553][676,671]" displayed="true" /&gt;
                        &lt;android.inputmethodservice.Keyboard.Key index="9" package="br.com.dotz.dotzpay" class="android.inputmethodservice.Keyboard$Key" text="" content-desc="Inserir digito 5" checkable="false" checked="false" clickable="true" enabled="true" focusable="true" focused="false" long-clickable="false" password="false" scrollable="false" selected="false" bounds="[712,553][830,671]" displayed="true" /&gt;
                        &lt;android.inputmethodservice.Keyboard.Key index="10" package="br.com.dotz.dotzpay" class="android.inputmethodservice.Keyboard$Key" text="" content-desc="Inserir digito 6" checkable="false" checked="false" clickable="true" enabled="true" focusable="true" focused="false" long-clickable="false" password="false" scrollable="false" selected="false" bounds="[866,553][984,671]" displayed="true" /&gt;
                        &lt;android.widget.Button index="11" package="br.com.dotz.dotzpay" class="android.widget.Button" text="" content-desc="Esqueci minha senha" checkable="false" checked="false" clickable="true" enabled="true" focusable="true" focused="false" long-clickable="false" password="false" scrollable="false" selected="false" bounds="[96,755][984,822]" displayed="true"&gt;
                          &lt;android.widget.TextView index="0" package="br.com.dotz.dotzpay" class="android.widget.TextView" text="Esqueci minha senha" checkable="false" checked="false" clickable="false" enabled="true" focusable="false" focused="false" long-clickable="false" password="false" scrollable="false" selected="false" bounds="[96,755][984,822]" displayed="true" /&gt;
                        &lt;/android.widget.Button&gt;
                        &lt;android.widget.Button index="12" package="br.com.dotz.dotzpay" class="android.widget.Button" text="" content-desc="Continuar" checkable="false" checked="false" clickable="true" enabled="true" focusable="true" focused="false" long-clickable="false" password="false" scrollable="false" selected="false" bounds="[96,1525][984,1704]" displayed="true"&gt;
                          &lt;android.widget.TextView index="0" package="br.com.dotz.dotzpay" class="android.widget.TextView" text="Continuar" checkable="false" checked="false" clickable="false" enabled="true" focusable="false" focused="false" long-clickable="false" password="false" scrollable="false" selected="false" bounds="[144,1581][960,1648]" displayed="true" /&gt;
                        &lt;/android.widget.Button&gt;
                      &lt;/android.view.ViewGroup&gt;
                    &lt;/android.view.ViewGroup&gt;
                  &lt;/android.widget.FrameLayout&gt;
                &lt;/android.view.ViewGroup&gt;
              &lt;/android.view.ViewGroup&gt;
            &lt;/android.view.ViewGroup&gt;
          &lt;/android.widget.FrameLayout&gt;
        &lt;/android.widget.LinearLayout&gt;
      &lt;/android.widget.FrameLayout&gt;
    &lt;/android.widget.LinearLayout&gt;
  &lt;/android.widget.FrameLayout&gt;
&lt;/hierarchy&gt;</msg>
<kw name="Capture Page Screenshot" library="AppiumLibrary">
<doc>Takes a screenshot of the current page and embeds it into the log.</doc>
<msg timestamp="20210519 17:11:30.227" level="INFO" html="true">&lt;/td&gt;&lt;/tr&gt;&lt;tr&gt;&lt;td colspan="3"&gt;&lt;a href="appium-screenshot-1.png"&gt;&lt;img src="appium-screenshot-1.png" width="800px"&gt;&lt;/a&gt;</msg>
<status status="PASS" starttime="20210519 17:11:29.743" endtime="20210519 17:11:30.227"/>
</kw>
<msg timestamp="20210519 17:11:30.228" level="FAIL">Element locator 'accessibility_id=Entrar' did not match any elements after 1 minute</msg>
<status status="FAIL" starttime="20210519 17:10:29.275" endtime="20210519 17:11:30.228"/>
</kw>
<kw name="Click Element" library="AppiumLibrary">
<arg>${seletor}</arg>
<doc>Click element identified by `locator`.</doc>
<status status="NOT RUN" starttime="20210519 17:11:30.229" endtime="20210519 17:11:30.229"/>
</kw>
<status status="FAIL" starttime="20210519 17:10:29.274" endtime="20210519 17:11:30.229"/>
</kw>
<status status="FAIL" starttime="20210519 17:10:29.273" endtime="20210519 17:11:30.229"/>
</kw>
<kw name="Então devo ver a tela de inserção de senha" library="acesso.page">
<status status="NOT RUN" starttime="20210519 17:11:30.229" endtime="20210519 17:11:30.229"/>
</kw>
<kw name="Quando preencho com uma senha válida" library="acesso.page">
<status status="NOT RUN" starttime="20210519 17:11:30.230" endtime="20210519 17:11:30.230"/>
</kw>
<kw name="Então devo ver a tela de inserção de data de nascimento" library="acesso.page">
<status status="NOT RUN" starttime="20210519 17:11:30.230" endtime="20210519 17:11:30.230"/>
</kw>
<kw name="Quando preencho com a data de nascimento" library="acesso.page">
<status status="NOT RUN" starttime="20210519 17:11:30.230" endtime="20210519 17:11:30.230"/>
</kw>
<kw name="E devo ver a tela inicial" library="home.page">
<status status="NOT RUN" starttime="20210519 17:11:30.230" endtime="20210519 17:11:30.230"/>
</kw>
<kw name="E fecho o aplicativo" library="helpers" type="TEARDOWN">
<kw name="Close session" library="helpers">
<doc>Função para fechar o aplicativo
limpar a sessão do usuário no app.</doc>
<kw name="Stop Screen Recording" library="AppiumLibrary">
<doc>Gathers the output from the previously started screen recording              to a media file, then embeds it to the log.html(Android Only).</doc>
<msg timestamp="20210519 17:11:32.387" level="INFO" html="true">&lt;/td&gt;&lt;/tr&gt;&lt;tr&gt;&lt;td colspan="3"&gt;&lt;a href="appium-screenrecord-1.mp4"&gt;&lt;video width="800px" controls&gt;&lt;source src="appium-screenrecord-1.mp4" type="video/mp4"&gt;&lt;/video&gt;&lt;/a&gt;</msg>
<status status="PASS" starttime="20210519 17:11:30.232" endtime="20210519 17:11:32.387"/>
</kw>
<kw name="Capture Page Screenshot" library="AppiumLibrary">
<doc>Takes a screenshot of the current page and embeds it into the log.</doc>
<msg timestamp="20210519 17:11:32.640" level="INFO" html="true">&lt;/td&gt;&lt;/tr&gt;&lt;tr&gt;&lt;td colspan="3"&gt;&lt;a href="appium-screenshot-2.png"&gt;&lt;img src="appium-screenshot-2.png" width="800px"&gt;&lt;/a&gt;</msg>
<status status="PASS" starttime="20210519 17:11:32.387" endtime="20210519 17:11:32.640"/>
</kw>
<kw name="Close Application" library="AppiumLibrary">
<doc>Closes the current application and also close webdriver session.</doc>
<status status="PASS" starttime="20210519 17:11:32.640" endtime="20210519 17:11:34.325"/>
</kw>
<status status="PASS" starttime="20210519 17:11:30.231" endtime="20210519 17:11:34.325"/>
</kw>
<status status="PASS" starttime="20210519 17:11:30.231" endtime="20210519 17:11:34.325"/>
</kw>
<tag>smoke</tag>
<status status="FAIL" starttime="20210519 17:09:54.769" endtime="20210519 17:11:34.326">Element locator 'accessibility_id=Entrar' did not match any elements after 1 minute</status>
</test>
<status status="FAIL" starttime="20210519 17:09:54.436" endtime="20210519 17:11:34.330"/>
</suite>
<status status="FAIL" starttime="20210519 17:09:54.399" endtime="20210519 17:11:34.333"/>
</suite>
<statistics>
<total>
<stat pass="0" fail="1" skip="0">All Tests</stat>
</total>
<tag>
<stat pass="0" fail="1" skip="0">smoke</stat>
</tag>
<suite>
<stat pass="0" fail="1" skip="0" id="s1" name="Tests">Tests</stat>
<stat pass="0" fail="1" skip="0" id="s1-s1" name="Acesso">Tests.Acesso</stat>
</suite>
</statistics>
<errors>
</errors>
</robot>
